[0.010s] Invoking command in '/home/kyrgios/ros2ws/build/robocon_interfaces': CMAKE_PREFIX_PATH=${CMAKE_PREFIX_PATH}:/home/kyrgios/ros2ws/install/robocon_camera:/home/kyrgios/ros2ws/install/robocon_basics:/home/kyrgios/ros2ws/install/py_pubsub:/opt/ros/humble /usr/bin/cmake --build /home/kyrgios/ros2ws/build/robocon_interfaces -- -j12 -l12
[0.033s] -- Found ament_cmake: 1.3.12 (/opt/ros/humble/share/ament_cmake/cmake)
[0.135s] -- Found rosidl_default_generators: 1.2.0 (/opt/ros/humble/share/rosidl_default_generators/cmake)
[0.137s] -- Using all available rosidl_typesupport_c: rosidl_typesupport_fastrtps_c;rosidl_typesupport_introspection_c
[0.138s] -- Found rosidl_adapter: 3.1.7 (/opt/ros/humble/share/rosidl_adapter/cmake)
[0.160s] -- Using all available rosidl_typesupport_cpp: rosidl_typesupport_fastrtps_cpp;rosidl_typesupport_introspection_cpp
[0.429s] -- Found ament_cmake_ros: 0.10.0 (/opt/ros/humble/share/ament_cmake_ros/cmake)
[0.576s] -- Using all available rosidl_typesupport_c: rosidl_typesupport_fastrtps_c;rosidl_typesupport_introspection_c
[0.767s] -- Using all available rosidl_typesupport_cpp: rosidl_typesupport_fastrtps_cpp;rosidl_typesupport_introspection_cpp
[0.787s] -- Found python_cmake_module: 0.10.0 (/opt/ros/humble/share/python_cmake_module/cmake)
[0.806s] -- Using PYTHON_EXECUTABLE: /usr/bin/python3
[0.806s] -- Using PYTHON_INCLUDE_DIRS: /usr/include/python3.10
[0.806s] -- Using PYTHON_LIBRARIES: /usr/lib/x86_64-linux-gnu/libpython3.10.so
[0.814s] -- Found ament_lint_auto: 0.12.14 (/opt/ros/humble/share/ament_lint_auto/cmake)
[0.821s] -- Added test 'lint_cmake' to check CMake code style
[0.822s] -- Added test 'xmllint' to check XML markup files
[0.823s] -- Configuring done
[0.850s] -- Generating done
[0.859s] -- Build files have been written to: /home/kyrgios/ros2ws/build/robocon_interfaces
[0.885s] [35m[1mConsolidate compiler generated dependencies of target robocon_interfaces__rosidl_generator_c[0m
[0.894s] [  3%] Built target robocon_interfaces__cpp
[0.894s] [  6%] [32mBuilding C object CMakeFiles/robocon_interfaces__rosidl_generator_c.dir/rosidl_generator_c/robocon_interfaces/srv/detail/image_analysis__functions.c.o[0m
[0.904s] [  6%] Built target ament_cmake_python_copy_robocon_interfaces
[0.905s] [35m[1mConsolidate compiler generated dependencies of target robocon_interfaces__rosidl_typesupport_cpp[0m
[0.905s] [35m[1mConsolidate compiler generated dependencies of target robocon_interfaces__rosidl_typesupport_fastrtps_cpp[0m
[0.915s] [35m[1mConsolidate compiler generated dependencies of target robocon_interfaces__rosidl_typesupport_introspection_cpp[0m
[0.917s] [  9%] [32mBuilding CXX object CMakeFiles/robocon_interfaces__rosidl_typesupport_fastrtps_cpp.dir/rosidl_typesupport_fastrtps_cpp/robocon_interfaces/srv/detail/dds_fastrtps/image_analysis__type_support.cpp.o[0m
[0.917s] [ 12%] [32mBuilding CXX object CMakeFiles/robocon_interfaces__rosidl_typesupport_cpp.dir/rosidl_typesupport_cpp/robocon_interfaces/srv/image_analysis__type_support.cpp.o[0m
[0.928s] [ 16%] [32mBuilding CXX object CMakeFiles/robocon_interfaces__rosidl_typesupport_introspection_cpp.dir/rosidl_typesupport_introspection_cpp/robocon_interfaces/srv/detail/image_analysis__type_support.cpp.o[0m
[0.990s] [ 19%] [32m[1mLinking C shared library librobocon_interfaces__rosidl_generator_c.so[0m
[1.038s] [ 22%] Built target robocon_interfaces__rosidl_generator_c
[1.050s] [35m[1mConsolidate compiler generated dependencies of target robocon_interfaces__rosidl_typesupport_c[0m
[1.063s] [ 25%] [32mBuilding CXX object CMakeFiles/robocon_interfaces__rosidl_typesupport_c.dir/rosidl_typesupport_c/robocon_interfaces/srv/image_analysis__type_support.cpp.o[0m
[1.063s] [35m[1mConsolidate compiler generated dependencies of target robocon_interfaces__rosidl_typesupport_fastrtps_c[0m
[1.066s] [35m[1mConsolidate compiler generated dependencies of target robocon_interfaces__rosidl_typesupport_introspection_c[0m
[1.081s] [ 32%] [32mBuilding CXX object CMakeFiles/robocon_interfaces__rosidl_typesupport_fastrtps_c.dir/rosidl_typesupport_fastrtps_c/robocon_interfaces/srv/detail/image_analysis__type_support_c.cpp.o[0m
[1.081s] [ 32%] [32mBuilding C object CMakeFiles/robocon_interfaces__rosidl_typesupport_introspection_c.dir/rosidl_typesupport_introspection_c/robocon_interfaces/srv/detail/image_analysis__type_support.c.o[0m
[1.109s] [ 35%] [32m[1mLinking CXX shared library librobocon_interfaces__rosidl_typesupport_c.so[0m
[1.119s] [ 38%] [32m[1mLinking C shared library librobocon_interfaces__rosidl_typesupport_introspection_c.so[0m
[1.151s] running egg_info
[1.152s] writing robocon_interfaces.egg-info/PKG-INFO
[1.153s] writing dependency_links to robocon_interfaces.egg-info/dependency_links.txt
[1.153s] writing top-level names to robocon_interfaces.egg-info/top_level.txt
[1.156s] reading manifest file 'robocon_interfaces.egg-info/SOURCES.txt'
[1.157s] writing manifest file 'robocon_interfaces.egg-info/SOURCES.txt'
[1.160s] [ 41%] Built target robocon_interfaces__rosidl_typesupport_c
[1.163s] [ 45%] Built target robocon_interfaces__rosidl_typesupport_introspection_c
[1.208s] [ 45%] Built target ament_cmake_python_build_robocon_interfaces_egg
[1.233s] [ 48%] [32m[1mLinking CXX shared library librobocon_interfaces__rosidl_typesupport_cpp.so[0m
[1.277s] [ 51%] Built target robocon_interfaces__rosidl_typesupport_cpp
[1.331s] [ 54%] [32m[1mLinking CXX shared library librobocon_interfaces__rosidl_typesupport_introspection_cpp.so[0m
[1.349s] [ 58%] [32m[1mLinking CXX shared library librobocon_interfaces__rosidl_typesupport_fastrtps_cpp.so[0m
[1.409s] [ 61%] Built target robocon_interfaces__rosidl_typesupport_introspection_cpp
[1.413s] [ 64%] [32m[1mLinking CXX shared library librobocon_interfaces__rosidl_typesupport_fastrtps_c.so[0m
[1.442s] [ 67%] Built target robocon_interfaces__rosidl_typesupport_fastrtps_cpp
[1.486s] [ 70%] Built target robocon_interfaces__rosidl_typesupport_fastrtps_c
[1.509s] [ 70%] Built target robocon_interfaces
[1.532s] [ 74%] Built target robocon_interfaces__py
[1.543s] [35m[1mConsolidate compiler generated dependencies of target robocon_interfaces__rosidl_generator_py[0m
[1.558s] [ 77%] [32mBuilding C object CMakeFiles/robocon_interfaces__rosidl_generator_py.dir/rosidl_generator_py/robocon_interfaces/srv/_image_analysis_s.c.o[0m
[1.660s] [ 80%] [32m[1mLinking C shared library rosidl_generator_py/robocon_interfaces/librobocon_interfaces__rosidl_generator_py.so[0m
[1.700s] [ 80%] Built target robocon_interfaces__rosidl_generator_py
[1.711s] [35m[1mConsolidate compiler generated dependencies of target robocon_interfaces__rosidl_typesupport_fastrtps_c__pyext[0m
[1.711s] [35m[1mConsolidate compiler generated dependencies of target robocon_interfaces__rosidl_typesupport_introspection_c__pyext[0m
[1.711s] [35m[1mConsolidate compiler generated dependencies of target robocon_interfaces__rosidl_typesupport_c__pyext[0m
[1.723s] [ 90%] [32mBuilding C object CMakeFiles/robocon_interfaces__rosidl_typesupport_c__pyext.dir/rosidl_generator_py/robocon_interfaces/_robocon_interfaces_s.ep.rosidl_typesupport_c.c.o[0m
[1.723s] [ 90%] [32mBuilding C object CMakeFiles/robocon_interfaces__rosidl_typesupport_introspection_c__pyext.dir/rosidl_generator_py/robocon_interfaces/_robocon_interfaces_s.ep.rosidl_typesupport_introspection_c.c.o[0m
[1.724s] [ 90%] [32mBuilding C object CMakeFiles/robocon_interfaces__rosidl_typesupport_fastrtps_c__pyext.dir/rosidl_generator_py/robocon_interfaces/_robocon_interfaces_s.ep.rosidl_typesupport_fastrtps_c.c.o[0m
[1.778s] In file included from [01m[K/home/kyrgios/ros2ws/build/robocon_interfaces/rosidl_generator_py/robocon_interfaces/_robocon_interfaces_s.ep.rosidl_typesupport_introspection_c.c:28[m[K:
[1.778s] [01m[K/home/kyrgios/ros2ws/build/robocon_interfaces/rosidl_generator_c/robocon_interfaces/msg/detail/image_msg__struct.h:22:10:[m[K [01;31m[Kfatal error: [m[Ksensor_msgs/msg/detail/image__struct.h: No such file or directory
[1.779s]    22 | #include [01;31m[K"sensor_msgs/msg/detail/image__struct.h"[m[K
[1.779s]       |          [01;31m[K^~~~~~~~~~~~~~~~~~~~~~~~~~~~~~~~~~~~~~~~[m[K
[1.779s] In file included from [01m[K/home/kyrgios/ros2ws/build/robocon_interfaces/rosidl_generator_py/robocon_interfaces/_robocon_interfaces_s.ep.rosidl_typesupport_c.c:28[m[K:
[1.779s] [01m[K/home/kyrgios/ros2ws/build/robocon_interfaces/rosidl_generator_c/robocon_interfaces/msg/detail/image_msg__struct.h:22:10:[m[K [01;31m[Kfatal error: [m[Ksensor_msgs/msg/detail/image__struct.h: No such file or directory
[1.779s]    22 | #include [01;31m[K"sensor_msgs/msg/detail/image__struct.h"[m[K
[1.779s]       |          [01;31m[K^~~~~~~~~~~~~~~~~~~~~~~~~~~~~~~~~~~~~~~~[m[K
[1.779s] compilation terminated.
[1.779s] compilation terminated.
[1.780s] gmake[2]: *** [CMakeFiles/robocon_interfaces__rosidl_typesupport_c__pyext.dir/build.make:76: CMakeFiles/robocon_interfaces__rosidl_typesupport_c__pyext.dir/rosidl_generator_py/robocon_interfaces/_robocon_interfaces_s.ep.rosidl_typesupport_c.c.o] Error 1
[1.780s] gmake[2]: *** [CMakeFiles/robocon_interfaces__rosidl_typesupport_introspection_c__pyext.dir/build.make:76: CMakeFiles/robocon_interfaces__rosidl_typesupport_introspection_c__pyext.dir/rosidl_generator_py/robocon_interfaces/_robocon_interfaces_s.ep.rosidl_typesupport_introspection_c.c.o] Error 1
[1.780s] gmake[1]: *** [CMakeFiles/Makefile2:535: CMakeFiles/robocon_interfaces__rosidl_typesupport_introspection_c__pyext.dir/all] Error 2
[1.780s] gmake[1]: *** Waiting for unfinished jobs....
[1.781s] gmake[1]: *** [CMakeFiles/Makefile2:564: CMakeFiles/robocon_interfaces__rosidl_typesupport_c__pyext.dir/all] Error 2
[1.782s] In file included from [01m[K/home/kyrgios/ros2ws/build/robocon_interfaces/rosidl_generator_py/robocon_interfaces/_robocon_interfaces_s.ep.rosidl_typesupport_fastrtps_c.c:28[m[K:
[1.782s] [01m[K/home/kyrgios/ros2ws/build/robocon_interfaces/rosidl_generator_c/robocon_interfaces/msg/detail/image_msg__struct.h:22:10:[m[K [01;31m[Kfatal error: [m[Ksensor_msgs/msg/detail/image__struct.h: No such file or directory
[1.782s]    22 | #include [01;31m[K"sensor_msgs/msg/detail/image__struct.h"[m[K
[1.782s]       |          [01;31m[K^~~~~~~~~~~~~~~~~~~~~~~~~~~~~~~~~~~~~~~~[m[K
[1.782s] compilation terminated.
[1.784s] gmake[2]: *** [CMakeFiles/robocon_interfaces__rosidl_typesupport_fastrtps_c__pyext.dir/build.make:76: CMakeFiles/robocon_interfaces__rosidl_typesupport_fastrtps_c__pyext.dir/rosidl_generator_py/robocon_interfaces/_robocon_interfaces_s.ep.rosidl_typesupport_fastrtps_c.c.o] Error 1
[1.784s] gmake[1]: *** [CMakeFiles/Makefile2:505: CMakeFiles/robocon_interfaces__rosidl_typesupport_fastrtps_c__pyext.dir/all] Error 2
[1.785s] gmake: *** [Makefile:146: all] Error 2
[1.788s] Invoked command in '/home/kyrgios/ros2ws/build/robocon_interfaces' returned '2': CMAKE_PREFIX_PATH=${CMAKE_PREFIX_PATH}:/home/kyrgios/ros2ws/install/robocon_camera:/home/kyrgios/ros2ws/install/robocon_basics:/home/kyrgios/ros2ws/install/py_pubsub:/opt/ros/humble /usr/bin/cmake --build /home/kyrgios/ros2ws/build/robocon_interfaces -- -j12 -l12
