[0.008s] Invoking command in '/home/kyrgios/ros2ws/build/robocon_interfaces': CMAKE_PREFIX_PATH=${CMAKE_PREFIX_PATH}:/home/kyrgios/ros2ws/install/robocon_camera:/home/kyrgios/ros2ws/install/robocon_basics:/home/kyrgios/ros2ws/install/py_pubsub:/opt/ros/humble /usr/bin/cmake --build /home/kyrgios/ros2ws/build/robocon_interfaces -- -j12 -l12
[0.031s] -- Found ament_cmake: 1.3.12 (/opt/ros/humble/share/ament_cmake/cmake)
[0.127s] -- Found rosidl_default_generators: 1.2.0 (/opt/ros/humble/share/rosidl_default_generators/cmake)
[0.129s] -- Using all available rosidl_typesupport_c: rosidl_typesupport_fastrtps_c;rosidl_typesupport_introspection_c
[0.131s] -- Found rosidl_adapter: 3.1.7 (/opt/ros/humble/share/rosidl_adapter/cmake)
[0.152s] -- Using all available rosidl_typesupport_cpp: rosidl_typesupport_fastrtps_cpp;rosidl_typesupport_introspection_cpp
[0.170s] -- Found sensor_msgs: 4.9.0 (/opt/ros/humble/share/sensor_msgs/cmake)
[0.338s] [31mCMake Error at /opt/ros/humble/share/rosidl_adapter/cmake/rosidl_adapt_interfaces.cmake:59 (message):
[0.338s]   execute_process(/usr/bin/python3 -m rosidl_adapter --package-name
[0.339s]   robocon_interfaces --arguments-file
[0.339s]   /home/kyrgios/ros2ws/build/robocon_interfaces/rosidl_adapter__arguments__robocon_interfaces.json
[0.339s]   --output-dir
[0.339s]   /home/kyrgios/ros2ws/build/robocon_interfaces/rosidl_adapter/robocon_interfaces
[0.339s]   --output-file
[0.339s]   /home/kyrgios/ros2ws/build/robocon_interfaces/rosidl_adapter/robocon_interfaces.idls)
[0.339s]   returned error code 1:
[0.339s] 
[0.339s]   Traceback (most recent call last):
[0.339s] 
[0.339s]     File "/usr/lib/python3.10/runpy.py", line 196, in _run_module_as_main
[0.339s]       return _run_code(code, main_globals, None,
[0.339s]     File "/usr/lib/python3.10/runpy.py", line 86, in _run_code
[0.339s]       exec(code, run_globals)
[0.339s]     File "/opt/ros/humble/local/lib/python3.10/dist-packages/rosidl_adapter/__main__.py", line 19, in <module>
[0.339s]       sys.exit(main())
[0.339s]     File "/opt/ros/humble/local/lib/python3.10/dist-packages/rosidl_adapter/main.py", line 53, in main
[0.340s]       abs_idl_file = convert_to_idl(
[0.340s]     File "/opt/ros/humble/local/lib/python3.10/dist-packages/rosidl_adapter/__init__.py", line 19, in convert_to_idl
[0.340s]       return convert_msg_to_idl(
[0.340s]     File "/opt/ros/humble/local/lib/python3.10/dist-packages/rosidl_adapter/msg/__init__.py", line 28, in convert_msg_to_idl
[0.340s]       msg = parse_message_string(package_name, input_file.stem, content)
[0.340s]     File "/opt/ros/humble/local/lib/python3.10/dist-packages/rosidl_adapter/parser.py", line 544, in parse_message_string
[0.340s]       msg = MessageSpecification(pkg_name, msg_name, fields, constants)
[0.340s]     File "/opt/ros/humble/local/lib/python3.10/dist-packages/rosidl_adapter/parser.py", line 388, in __init__
[0.340s]       self.base_type = BaseType(
[0.340s]     File "/opt/ros/humble/local/lib/python3.10/dist-packages/rosidl_adapter/parser.py", line 205, in __init__
[0.340s]       raise InvalidResourceName(
[0.340s] 
[0.340s]   rosidl_adapter.parser.InvalidResourceName: 'main' is an invalid message
[0.340s]   name.  It should have the pattern '^[A-Z][A-Za-z0-9]*$'
[0.340s] 
[0.340s] Call Stack (most recent call first):
[0.340s]   /opt/ros/humble/share/rosidl_cmake/cmake/rosidl_generate_interfaces.cmake:130 (rosidl_adapt_interfaces)
[0.341s]   CMakeLists.txt:16 (rosidl_generate_interfaces)
[0.341s] 
[0.341s] [0m
[0.341s] -- Configuring incomplete, errors occurred!
[0.341s] See also "/home/kyrgios/ros2ws/build/robocon_interfaces/CMakeFiles/CMakeOutput.log".
[0.344s] gmake: *** [Makefile:747: cmake_check_build_system] Error 1
[0.346s] Invoked command in '/home/kyrgios/ros2ws/build/robocon_interfaces' returned '2': CMAKE_PREFIX_PATH=${CMAKE_PREFIX_PATH}:/home/kyrgios/ros2ws/install/robocon_camera:/home/kyrgios/ros2ws/install/robocon_basics:/home/kyrgios/ros2ws/install/py_pubsub:/opt/ros/humble /usr/bin/cmake --build /home/kyrgios/ros2ws/build/robocon_interfaces -- -j12 -l12
