[01m[K/home/kyrgios/ros2ws/src/cpp_pubsub/src/cppsub.cpp:21:2:[m[K [01;31m[Kerror: [m[Kexpected â€˜[01m[K;[m[Kâ€™ after class definition
   21 | }
      |  [01;31m[K^[m[K
      |  [32m[K;[m[K
[01m[K/home/kyrgios/ros2ws/src/cpp_pubsub/src/cppsub.cpp:[m[K In function â€˜[01m[Kint main(int, char**)[m[Kâ€™:
[01m[K/home/kyrgios/ros2ws/src/cpp_pubsub/src/cppsub.cpp:25:29:[m[K [01;31m[Kerror: [m[Kexpected â€˜[01m[K;[m[Kâ€™ before â€˜[01m[Krclcpp[m[Kâ€™
   25 |     rclcpp::init(argc, argv)
      |                             [01;31m[K^[m[K
      |                             [32m[K;[m[K
   26 |     [32m[Krclcpp[m[K::spin(std::make_shared<MinimalSubscriber>());
      |     [32m[K~~~~~~[m[K                   
gmake[2]: *** [CMakeFiles/listener.dir/build.make:76: CMakeFiles/listener.dir/src/cppsub.cpp.o] Error 1
gmake[1]: *** [CMakeFiles/Makefile2:165: CMakeFiles/listener.dir/all] Error 2
gmake: *** [Makefile:146: all] Error 2
