[0.013s] Invoking command in '/home/kyrgios/ros2ws/build/cpp_pubsub': CMAKE_PREFIX_PATH=${CMAKE_PREFIX_PATH}:/opt/ros/humble /usr/bin/cmake --build /home/kyrgios/ros2ws/build/cpp_pubsub -- -j12 -l12
[0.061s] [35m[1mConsolidate compiler generated dependencies of target talker[0m
[0.071s] [ 25%] [32mBuilding CXX object CMakeFiles/listener.dir/src/cppsub.cpp.o[0m
[0.080s] [ 75%] Built target talker
[2.114s] [01m[K/home/kyrgios/ros2ws/src/cpp_pubsub/src/cppsub.cpp:21:2:[m[K [01;31m[Kerror: [m[Kexpected â€˜[01m[K;[m[Kâ€™ after class definition
[2.114s]    21 | }
[2.114s]       |  [01;31m[K^[m[K
[2.114s]       |  [32m[K;[m[K
[2.121s] [01m[K/home/kyrgios/ros2ws/src/cpp_pubsub/src/cppsub.cpp:[m[K In function â€˜[01m[Kint main(int, char**)[m[Kâ€™:
[2.121s] [01m[K/home/kyrgios/ros2ws/src/cpp_pubsub/src/cppsub.cpp:25:29:[m[K [01;31m[Kerror: [m[Kexpected â€˜[01m[K;[m[Kâ€™ before â€˜[01m[Krclcpp[m[Kâ€™
[2.121s]    25 |     rclcpp::init(argc, argv)
[2.121s]       |                             [01;31m[K^[m[K
[2.121s]       |                             [32m[K;[m[K
[2.121s]    26 |     [32m[Krclcpp[m[K::spin(std::make_shared<MinimalSubscriber>());
[2.121s]       |     [32m[K~~~~~~[m[K                   
[3.952s] gmake[2]: *** [CMakeFiles/listener.dir/build.make:76: CMakeFiles/listener.dir/src/cppsub.cpp.o] Error 1
[3.952s] gmake[1]: *** [CMakeFiles/Makefile2:165: CMakeFiles/listener.dir/all] Error 2
[3.952s] gmake: *** [Makefile:146: all] Error 2
[3.955s] Invoked command in '/home/kyrgios/ros2ws/build/cpp_pubsub' returned '2': CMAKE_PREFIX_PATH=${CMAKE_PREFIX_PATH}:/opt/ros/humble /usr/bin/cmake --build /home/kyrgios/ros2ws/build/cpp_pubsub -- -j12 -l12
