[01m[K/home/kyrgios/ros2ws/src/cpp_pubsub/src/cppsub.cpp:3:10:[m[K [01;31m[Kfatal error: [m[Kstd_msgs/msg/String: No such file or directory
    3 | #include [01;31m[K"std_msgs/msg/String"[m[K
      |          [01;31m[K^~~~~~~~~~~~~~~~~~~~~[m[K
compilation terminated.
gmake[2]: *** [CMakeFiles/listener.dir/build.make:76: CMakeFiles/listener.dir/src/cppsub.cpp.o] Error 1
gmake[1]: *** [CMakeFiles/Makefile2:165: CMakeFiles/listener.dir/all] Error 2
gmake[1]: *** Waiting for unfinished jobs....
gmake: *** [Makefile:146: all] Error 2
