[0.012s] Invoking command in '/home/kyrgios/ros2ws/build/cpp_pubsub': CMAKE_PREFIX_PATH=/home/kyrgios/ros2ws/install/py_pubsub:/opt/ros/humble /usr/bin/cmake /home/kyrgios/ros2ws/src/cpp_pubsub -DCMAKE_INSTALL_PREFIX=/home/kyrgios/ros2ws/install/cpp_pubsub
[0.075s] -- The C compiler identification is GNU 11.4.0
[0.138s] -- The CXX compiler identification is GNU 11.4.0
[0.146s] -- Detecting C compiler ABI info
[0.228s] -- Detecting C compiler ABI info - done
[0.235s] -- Check for working C compiler: /usr/bin/cc - skipped
[0.235s] -- Detecting C compile features
[0.236s] -- Detecting C compile features - done
[0.239s] -- Detecting CXX compiler ABI info
[0.341s] -- Detecting CXX compiler ABI info - done
[0.348s] -- Check for working CXX compiler: /usr/bin/c++ - skipped
[0.349s] -- Detecting CXX compile features
[0.349s] -- Detecting CXX compile features - done
[0.352s] -- Found ament_cmake: 1.3.12 (/opt/ros/humble/share/ament_cmake/cmake)
[0.471s] -- Found Python3: /usr/bin/python3 (found version "3.10.12") found components: Interpreter 
[0.537s] -- Found rclcpp: 16.0.16 (/opt/ros/humble/share/rclcpp/cmake)
[0.567s] -- Found rosidl_generator_c: 3.1.7 (/opt/ros/humble/share/rosidl_generator_c/cmake)
[0.570s] -- Found rosidl_adapter: 3.1.7 (/opt/ros/humble/share/rosidl_adapter/cmake)
[0.576s] -- Found rosidl_generator_cpp: 3.1.7 (/opt/ros/humble/share/rosidl_generator_cpp/cmake)
[0.584s] -- Using all available rosidl_typesupport_c: rosidl_typesupport_fastrtps_c;rosidl_typesupport_introspection_c
[0.595s] -- Using all available rosidl_typesupport_cpp: rosidl_typesupport_fastrtps_cpp;rosidl_typesupport_introspection_cpp
[0.624s] -- Found rmw_implementation_cmake: 6.1.2 (/opt/ros/humble/share/rmw_implementation_cmake/cmake)
[0.626s] -- Found rmw_fastrtps_cpp: 6.2.9 (/opt/ros/humble/share/rmw_fastrtps_cpp/cmake)
[0.702s] -- Found OpenSSL: /usr/lib/x86_64-linux-gnu/libcrypto.so (found version "3.0.2")  
[0.723s] -- Found FastRTPS: /opt/ros/humble/include  
[0.758s] -- Using RMW implementation 'rmw_fastrtps_cpp' as default
[0.764s] -- Looking for pthread.h
[0.830s] -- Looking for pthread.h - found
[0.831s] -- Performing Test CMAKE_HAVE_LIBC_PTHREAD
[0.896s] -- Performing Test CMAKE_HAVE_LIBC_PTHREAD - Success
[0.897s] -- Found Threads: TRUE  
[0.933s] -- Found ament_lint_auto: 0.12.14 (/opt/ros/humble/share/ament_lint_auto/cmake)
[1.009s] -- Added test 'cppcheck' to perform static code analysis on C / C++ code
[1.009s] -- Configured cppcheck include dirs: 
[1.009s] -- Configured cppcheck exclude dirs and/or files: 
[1.009s] -- Added test 'lint_cmake' to check CMake code style
[1.010s] -- Added test 'uncrustify' to check C / C++ code style
[1.010s] -- Configured uncrustify additional arguments: 
[1.010s] -- Added test 'xmllint' to check XML markup files
[1.011s] -- Configuring done
[1.020s] -- Generating done
[1.024s] -- Build files have been written to: /home/kyrgios/ros2ws/build/cpp_pubsub
[1.034s] Invoked command in '/home/kyrgios/ros2ws/build/cpp_pubsub' returned '0': CMAKE_PREFIX_PATH=/home/kyrgios/ros2ws/install/py_pubsub:/opt/ros/humble /usr/bin/cmake /home/kyrgios/ros2ws/src/cpp_pubsub -DCMAKE_INSTALL_PREFIX=/home/kyrgios/ros2ws/install/cpp_pubsub
[1.034s] Invoking command in '/home/kyrgios/ros2ws/build/cpp_pubsub': CMAKE_PREFIX_PATH=/home/kyrgios/ros2ws/install/py_pubsub:/opt/ros/humble /usr/bin/cmake --build /home/kyrgios/ros2ws/build/cpp_pubsub -- -j12 -l12
[1.078s] [ 50%] [32mBuilding CXX object CMakeFiles/talker.dir/src/cpppub.cpp.o[0m
[1.078s] [ 50%] [32mBuilding CXX object CMakeFiles/listener.dir/src/cppsub.cpp.o[0m
[1.257s] [01m[K/home/kyrgios/ros2ws/src/cpp_pubsub/src/cppsub.cpp:3:10:[m[K [01;31m[Kfatal error: [m[Kstd_msgs/msg/String: No such file or directory
[1.257s]     3 | #include [01;31m[K"std_msgs/msg/String"[m[K
[1.257s]       |          [01;31m[K^~~~~~~~~~~~~~~~~~~~~[m[K
[1.257s] compilation terminated.
[1.267s] gmake[2]: *** [CMakeFiles/listener.dir/build.make:76: CMakeFiles/listener.dir/src/cppsub.cpp.o] Error 1
[1.268s] gmake[1]: *** [CMakeFiles/Makefile2:165: CMakeFiles/listener.dir/all] Error 2
[1.268s] gmake[1]: *** Waiting for unfinished jobs....
[4.111s] [ 75%] [32m[1mLinking CXX executable talker[0m
[4.251s] [ 75%] Built target talker
[4.252s] gmake: *** [Makefile:146: all] Error 2
[4.254s] Invoked command in '/home/kyrgios/ros2ws/build/cpp_pubsub' returned '2': CMAKE_PREFIX_PATH=/home/kyrgios/ros2ws/install/py_pubsub:/opt/ros/humble /usr/bin/cmake --build /home/kyrgios/ros2ws/build/cpp_pubsub -- -j12 -l12
